-------------------------------------------------------------------------------
Test set: TestSuite
-------------------------------------------------------------------------------
Tests run: 4, Failures: 1, Errors: 0, Skipped: 0, Time elapsed: 8.286 s <<< FAILURE! - in TestSuite
APITestCases.DeleteCustomerTest.deleteCustomer[{id=cus_KefQaEyP6KWsRr}](1)  Time elapsed: 0.647 s  <<< FAILURE!
java.lang.AssertionError: expected [200] but found [404]
	at APITestCases.DeleteCustomerTest.deleteCustomer(DeleteCustomerTest.java:27)

