<?xml version="1.0" encoding="UTF-8"?>
<testsuite xmlns:xsi="http://www.w3.org/2001/XMLSchema-instance" xsi:noNamespaceSchemaLocation="https://maven.apache.org/surefire/maven-surefire-plugin/xsd/surefire-test-report-3.0.xsd" version="3.0" name="TestSuite" time="8.286" tests="4" errors="0" skipped="0" failures="1">
  <properties>
[...]
</properties>
  <testcase name="validateCreateCustomerAPIWithValidSecretKey[{email=java@way2automation.com, name=Rahul Arora, description=Adding the Second customer in framework}](1)" classname="APITestCases.CreateCustomerPostReqTest" time="3.018">
    <system-out><![CDATA[Total rows are : 1000
Test name is : validateCreateCustomerAPIWithValidSecretKey
Test case starts from row num: 1
Total rows of data are : 3
Total cols are : 3
[[Ljava.lang.Object;@34941170Test,,,,,,,,,,
{
    "id": "cus_KemgXX5nMiULhu",
    "object": "customer",
    "address": null,
    "balance": 0,
    "created": 1637789710,
    "currency": null,
    "default_source": null,
    "delinquent": false,
    "description": "Adding the Second customer in framework",
    "discount": null,
    "email": "java@way2automation.com",
    "invoice_prefix": "749435D3",
    "invoice_settings": {
        "custom_fields": null,
        "default_payment_method": null,
        "footer": null
    },
    "livemode": false,
    "metadata": {
        
    },
    "name": "Rahul Arora",
    "next_invoice_sequence": 1,
    "phone": null,
    "preferred_locales": [
        
    ],
    "shipping": null,
    "sources": {
        "object": "list",
        "data": [
            
        ],
        "has_more": false,
        "total_count": 0,
        "url": "/v1/customers/cus_KemgXX5nMiULhu/sources"
    },
    "subscriptions": {
        "object": "list",
        "data": [
            
        ],
        "has_more": false,
        "total_count": 0,
        "url": "/v1/customers/cus_KemgXX5nMiULhu/subscriptions"
    },
    "tax_exempt": "none",
    "tax_ids": {
        "object": "list",
        "data": [
            
        ],
        "has_more": false,
        "total_count": 0,
        "url": "/v1/customers/cus_KemgXX5nMiULhu/tax_ids"
    }
}
]]></system-out>
  </testcase>
  <testcase name="validateCreateCustomerAPIWithValidSecretKey[{email=corporate@way2automation.com, name=Raman Arora, description=Adding the Third Customer in Framework}](2)" classname="APITestCases.CreateCustomerPostReqTest" time="0.674">
    <system-out><![CDATA[Test,,,,,,,,,,
{
    "id": "cus_Kemge0sWgaRQv9",
    "object": "customer",
    "address": null,
    "balance": 0,
    "created": 1637789711,
    "currency": null,
    "default_source": null,
    "delinquent": false,
    "description": "Adding the Third Customer in Framework",
    "discount": null,
    "email": "corporate@way2automation.com",
    "invoice_prefix": "92A248F2",
    "invoice_settings": {
        "custom_fields": null,
        "default_payment_method": null,
        "footer": null
    },
    "livemode": false,
    "metadata": {
        
    },
    "name": "Raman Arora",
    "next_invoice_sequence": 1,
    "phone": null,
    "preferred_locales": [
        
    ],
    "shipping": null,
    "sources": {
        "object": "list",
        "data": [
            
        ],
        "has_more": false,
        "total_count": 0,
        "url": "/v1/customers/cus_Kemge0sWgaRQv9/sources"
    },
    "subscriptions": {
        "object": "list",
        "data": [
            
        ],
        "has_more": false,
        "total_count": 0,
        "url": "/v1/customers/cus_Kemge0sWgaRQv9/subscriptions"
    },
    "tax_exempt": "none",
    "tax_ids": {
        "object": "list",
        "data": [
            
        ],
        "has_more": false,
        "total_count": 0,
        "url": "/v1/customers/cus_Kemge0sWgaRQv9/tax_ids"
    }
}
]]></system-out>
  </testcase>
  <testcase name="validateCreateCustomerAPIWithValidSecretKey[{email=ishita@way2automation.com, name=Ishita Arora, description=Adding the forth Customer in framework}](3)" classname="APITestCases.CreateCustomerPostReqTest" time="0.609">
    <system-out><![CDATA[Test,,,,,,,,,,
{
    "id": "cus_Kemg24MI6pD30g",
    "object": "customer",
    "address": null,
    "balance": 0,
    "created": 1637789712,
    "currency": null,
    "default_source": null,
    "delinquent": false,
    "description": "Adding the forth Customer in framework",
    "discount": null,
    "email": "ishita@way2automation.com",
    "invoice_prefix": "3507CAFD",
    "invoice_settings": {
        "custom_fields": null,
        "default_payment_method": null,
        "footer": null
    },
    "livemode": false,
    "metadata": {
        
    },
    "name": "Ishita Arora",
    "next_invoice_sequence": 1,
    "phone": null,
    "preferred_locales": [
        
    ],
    "shipping": null,
    "sources": {
        "object": "list",
        "data": [
            
        ],
        "has_more": false,
        "total_count": 0,
        "url": "/v1/customers/cus_Kemg24MI6pD30g/sources"
    },
    "subscriptions": {
        "object": "list",
        "data": [
            
        ],
        "has_more": false,
        "total_count": 0,
        "url": "/v1/customers/cus_Kemg24MI6pD30g/subscriptions"
    },
    "tax_exempt": "none",
    "tax_ids": {
        "object": "list",
        "data": [
            
        ],
        "has_more": false,
        "total_count": 0,
        "url": "/v1/customers/cus_Kemg24MI6pD30g/tax_ids"
    }
}
]]></system-out>
  </testcase>
  <testcase name="deleteCustomer[{id=cus_KefQaEyP6KWsRr}](1)" classname="APITestCases.DeleteCustomerTest" time="0.647">
    <failure message="expected [200] but found [404]" type="java.lang.AssertionError"><![CDATA[java.lang.AssertionError: expected [200] but found [404]
	at APITestCases.DeleteCustomerTest.deleteCustomer(DeleteCustomerTest.java:27)
]]></failure>
    <system-out><![CDATA[Total rows are : 1000
Test name is : deleteCustomer
Test case starts from row num: 11
Total rows of data are : 1
Total cols are : 1
[[Ljava.lang.Object;@288a62c1{
    "error": {
        "code": "resource_missing",
        "doc_url": "https://stripe.com/docs/error-codes/resource-missing",
        "message": "No such customer: 'cus_KefQaEyP6KWsRr'",
        "param": "id",
        "type": "invalid_request_error"
    }
}
]]></system-out>
  </testcase>
</testsuite>